Build started 2018-12-25 4:33:45 PM.
     1>Project "C:\Users\user\Desktop\Final فوكين Project\ConsoleApplication98\ConsoleApplication98.vcxproj" on node 2 (Build target(s)).
     1>ClCompile:
         C:\Program Files (x86)\Microsoft Visual Studio 11.0\VC\bin\CL.exe /c /Zi /nologo /W3 /WX- /sdl /O2 /Oi /Oy- /GL /D WIN32 /D NDEBUG /D _CONSOLE /D _UNICODE /D UNICODE /Gm- /EHsc /MD /GS /Gy /fp:precise /Zc:wchar_t /Zc:forScope /Fo"Release\\" /Fd"Release\vc110.pdb" /Gd /TP /analyze- /errorReport:prompt Source.cpp
         Source.cpp
     1>Source.cpp(42): warning C4244: '+=' : conversion from 'double' to 'float', possible loss of data
     1>Source.cpp(47): warning C4244: '+=' : conversion from 'double' to 'float', possible loss of data
     1>Source.cpp(48): warning C4244: '+=' : conversion from 'double' to 'float', possible loss of data
     1>Source.cpp(51): warning C4244: '=' : conversion from 'double' to 'float', possible loss of data
     1>Source.cpp(60): warning C4305: 'initializing' : truncation from 'double' to 'const float'
       Link:
         C:\Program Files (x86)\Microsoft Visual Studio 11.0\VC\bin\link.exe /ERRORREPORT:PROMPT /OUT:"C:\Users\user\Desktop\Final فوكين Project\Release\ConsoleApplication98.exe" /INCREMENTAL:NO /NOLOGO kernel32.lib user32.lib gdi32.lib winspool.lib comdlg32.lib advapi32.lib shell32.lib ole32.lib oleaut32.lib uuid.lib odbc32.lib odbccp32.lib /MANIFEST /MANIFESTUAC:"level='asInvoker' uiAccess='false'" /manifest:embed /DEBUG /PDB:"C:\Users\user\Desktop\Final فوكين Project\Release\ConsoleApplication98.pdb" /SUBSYSTEM:CONSOLE /OPT:REF /OPT:ICF /LTCG /TLBID:1 /DYNAMICBASE /NXCOMPAT /IMPLIB:"C:\Users\user\Desktop\Final فوكين Project\Release\ConsoleApplication98.lib" /MACHINE:X86 /SAFESEH Release\Capacitor.obj
         Release\Inductor.obj
         Release\Resistor.obj
         Release\Source.obj
         Release\VoltageSource.obj
         Generating code
         Finished generating code
         ConsoleApplication98.vcxproj -> C:\Users\user\Desktop\Final فوكين Project\Release\ConsoleApplication98.exe
     1>Done Building Project "C:\Users\user\Desktop\Final فوكين Project\ConsoleApplication98\ConsoleApplication98.vcxproj" (Build target(s)).

Build succeeded.

Time Elapsed 00:00:01.10
