Build started 2018-12-25 4:33:33 PM.
     1>Project "C:\Users\user\Desktop\Final فوكين Project\ConsoleApplication98\ConsoleApplication98.vcxproj" on node 2 (Build target(s)).
     1>ClCompile:
         C:\Program Files (x86)\Microsoft Visual Studio 11.0\VC\bin\CL.exe /c /ZI /nologo /W3 /WX- /sdl /Od /Oy- /D WIN32 /D _DEBUG /D _CONSOLE /D _UNICODE /D UNICODE /Gm /EHsc /RTC1 /MDd /GS /fp:precise /Zc:wchar_t /Zc:forScope /Fo"Debug\\" /Fd"Debug\vc110.pdb" /Gd /TP /analyze- /errorReport:prompt Source.cpp
         Source.cpp
     1>c:\users\user\desktop\final فوكين project\consoleapplication98\source.cpp(42): warning C4244: '+=' : conversion from 'double' to 'float', possible loss of data
     1>c:\users\user\desktop\final فوكين project\consoleapplication98\source.cpp(47): warning C4244: '+=' : conversion from 'double' to 'float', possible loss of data
     1>c:\users\user\desktop\final فوكين project\consoleapplication98\source.cpp(48): warning C4244: '+=' : conversion from 'double' to 'float', possible loss of data
     1>c:\users\user\desktop\final فوكين project\consoleapplication98\source.cpp(51): warning C4244: '=' : conversion from 'double' to 'float', possible loss of data
     1>c:\users\user\desktop\final فوكين project\consoleapplication98\source.cpp(60): warning C4305: 'initializing' : truncation from 'double' to 'const float'
       Link:
         C:\Program Files (x86)\Microsoft Visual Studio 11.0\VC\bin\link.exe /ERRORREPORT:PROMPT /OUT:"C:\Users\user\Desktop\Final فوكين Project\Debug\ConsoleApplication98.exe" /INCREMENTAL /NOLOGO kernel32.lib user32.lib gdi32.lib winspool.lib comdlg32.lib advapi32.lib shell32.lib ole32.lib oleaut32.lib uuid.lib odbc32.lib odbccp32.lib /MANIFEST /MANIFESTUAC:"level='asInvoker' uiAccess='false'" /manifest:embed /DEBUG /PDB:"C:\Users\user\Desktop\Final فوكين Project\Debug\ConsoleApplication98.pdb" /SUBSYSTEM:CONSOLE /TLBID:1 /DYNAMICBASE /NXCOMPAT /IMPLIB:"C:\Users\user\Desktop\Final فوكين Project\Debug\ConsoleApplication98.lib" /MACHINE:X86 Debug\Capacitor.obj
         Debug\Inductor.obj
         Debug\Resistor.obj
         Debug\Source.obj
         Debug\VoltageSource.obj
         ConsoleApplication98.vcxproj -> C:\Users\user\Desktop\Final فوكين Project\Debug\ConsoleApplication98.exe
     1>Done Building Project "C:\Users\user\Desktop\Final فوكين Project\ConsoleApplication98\ConsoleApplication98.vcxproj" (Build target(s)).

Build succeeded.

Time Elapsed 00:00:01.05
