C:\USERS\USER\DOCUMENTS\FINAL PROJECT\CONSOLEAPPLICATION98\DEBUG\CAPACITOR.OBJ
C:\USERS\USER\DOCUMENTS\FINAL PROJECT\CONSOLEAPPLICATION98\DEBUG\INDUCTOR.OBJ
C:\USERS\USER\DOCUMENTS\FINAL PROJECT\CONSOLEAPPLICATION98\DEBUG\RESISTOR.OBJ
C:\USERS\USER\DOCUMENTS\FINAL PROJECT\CONSOLEAPPLICATION98\DEBUG\SOURCE.OBJ
C:\USERS\USER\DOCUMENTS\FINAL PROJECT\CONSOLEAPPLICATION98\DEBUG\VOLTAGESOURCE.OBJ
C:\USERS\USER\DOCUMENTS\FINAL PROJECT\CONSOLEAPPLICATION98\DEBUG\VC110.PDB
C:\USERS\USER\DOCUMENTS\FINAL PROJECT\DEBUG\CONSOLEAPPLICATION98.ILK
C:\USERS\USER\DOCUMENTS\FINAL PROJECT\DEBUG\CONSOLEAPPLICATION98.EXE
C:\USERS\USER\DOCUMENTS\FINAL PROJECT\DEBUG\CONSOLEAPPLICATION98.PDB
C:\Users\user\Documents\Final Project\ConsoleApplication98\Debug\Capacitor.obj
C:\Users\user\Documents\Final Project\ConsoleApplication98\Debug\Inductor.obj
C:\Users\user\Documents\Final Project\ConsoleApplication98\Debug\Resistor.obj
C:\Users\user\Documents\Final Project\ConsoleApplication98\Debug\Source.obj
C:\Users\user\Documents\Final Project\ConsoleApplication98\Debug\VoltageSource.obj
C:\Users\user\Documents\Final Project\ConsoleApplication98\Debug\cl.command.1.tlog
C:\Users\user\Documents\Final Project\ConsoleApplication98\Debug\CL.read.1.tlog
C:\Users\user\Documents\Final Project\ConsoleApplication98\Debug\CL.write.1.tlog
C:\Users\user\Documents\Final Project\ConsoleApplication98\Debug\link-cvtres.read.1.tlog
C:\Users\user\Documents\Final Project\ConsoleApplication98\Debug\link-cvtres.write.1.tlog
C:\Users\user\Documents\Final Project\ConsoleApplication98\Debug\link-rc.read.1.tlog
C:\Users\user\Documents\Final Project\ConsoleApplication98\Debug\link-rc.write.1.tlog
C:\Users\user\Documents\Final Project\ConsoleApplication98\Debug\link.7620-cvtres.read.1.tlog
C:\Users\user\Documents\Final Project\ConsoleApplication98\Debug\link.7620-cvtres.write.1.tlog
C:\Users\user\Documents\Final Project\ConsoleApplication98\Debug\link.7620-rc.read.1.tlog
C:\Users\user\Documents\Final Project\ConsoleApplication98\Debug\link.7620-rc.write.1.tlog
C:\Users\user\Documents\Final Project\ConsoleApplication98\Debug\link.7620.read.1.tlog
C:\Users\user\Documents\Final Project\ConsoleApplication98\Debug\link.7620.write.1.tlog
C:\Users\user\Documents\Final Project\ConsoleApplication98\Debug\link.command.1.tlog
C:\Users\user\Documents\Final Project\ConsoleApplication98\Debug\link.read.1.tlog
C:\Users\user\Documents\Final Project\ConsoleApplication98\Debug\link.write.1.tlog
C:\Users\user\Documents\Final Project\ConsoleApplication98\Debug\vc110.idb
C:\Users\user\Documents\Final Project\ConsoleApplication98\Debug\vc110.pdb
C:\Users\user\Documents\Final Project\Debug\ConsoleApplication98.pdb
C:\Users\user\Documents\Final Project\Debug\ConsoleApplication98.exe
C:\Users\user\Documents\Final Project\Debug\ConsoleApplication98.ilk
